
**** Build of configuration Debug for project Padlock ****

"D:\\local\\ti\\ccsv6\\utils\\bin\\gmake" -k all 
'Building file: ../main.asm'
'Invoking: MSP432 Compiler'
"D:/local/ti/ccsv6/tools/compiler/ti-cgt-arm_15.12.1.LTS/bin/armcl" -mv7M4 --code_state=16 --float_support=FPv4SPD16 -me --include_path="D:/local/ti/ccsv6/ccs_base/arm/include" --include_path="D:/local/ti/ccsv6/ccs_base/arm/include/CMSIS" --include_path="D:/local/ti/ccsv6/tools/compiler/ti-cgt-arm_15.12.1.LTS/include" --advice:power=all -g --gcc --define=__MSP432P401R__ --define=TARGET_IS_MSP432P4XX --define=ccs --diag_warning=225 --diag_wrap=off --display_error_number --abi=eabi --preproc_with_compile --preproc_dependency="main.d"  "../main.asm"
'Finished building: ../main.asm'
' '
'Building file: ../startup_msp432p401r_ccs.c'
'Invoking: MSP432 Compiler'
"D:/local/ti/ccsv6/tools/compiler/ti-cgt-arm_15.12.1.LTS/bin/armcl" -mv7M4 --code_state=16 --float_support=FPv4SPD16 -me --include_path="D:/local/ti/ccsv6/ccs_base/arm/include" --include_path="D:/local/ti/ccsv6/ccs_base/arm/include/CMSIS" --include_path="D:/local/ti/ccsv6/tools/compiler/ti-cgt-arm_15.12.1.LTS/include" --advice:power=all -g --gcc --define=__MSP432P401R__ --define=TARGET_IS_MSP432P4XX --define=ccs --diag_warning=225 --diag_wrap=off --display_error_number --abi=eabi --preproc_with_compile --preproc_dependency="startup_msp432p401r_ccs.d"  "../startup_msp432p401r_ccs.c"
'Finished building: ../startup_msp432p401r_ccs.c'
' '
'Building file: ../system_msp432p401r.c'
'Invoking: MSP432 Compiler'
"D:/local/ti/ccsv6/tools/compiler/ti-cgt-arm_15.12.1.LTS/bin/armcl" -mv7M4 --code_state=16 --float_support=FPv4SPD16 -me --include_path="D:/local/ti/ccsv6/ccs_base/arm/include" --include_path="D:/local/ti/ccsv6/ccs_base/arm/include/CMSIS" --include_path="D:/local/ti/ccsv6/tools/compiler/ti-cgt-arm_15.12.1.LTS/include" --advice:power=all -g --gcc --define=__MSP432P401R__ --define=TARGET_IS_MSP432P4XX --define=ccs --diag_warning=225 --diag_wrap=off --display_error_number --abi=eabi --preproc_with_compile --preproc_dependency="system_msp432p401r.d"  "../system_msp432p401r.c"
"../system_msp432p401r.c", line 112: remark #2623-D: (ULP 5.4) Detected an assignment to a type with size less than int. To avoid unnecessary sign extension, use int-sized types for local varaibles and convert to smaller types for static storage.
"../system_msp432p401r.c", line 160: remark #2623-D: (ULP 5.4) Detected an assignment to a type with size less than int. To avoid unnecessary sign extension, use int-sized types for local varaibles and convert to smaller types for static storage.
"../system_msp432p401r.c", line 193: remark #2623-D: (ULP 5.4) Detected an assignment to a type with size less than int. To avoid unnecessary sign extension, use int-sized types for local varaibles and convert to smaller types for static storage.
'Finished building: ../system_msp432p401r.c'
' '
'Building target: Padlock.out'
'Invoking: MSP432 Linker'
"D:/local/ti/ccsv6/tools/compiler/ti-cgt-arm_15.12.1.LTS/bin/armcl" -mv7M4 --code_state=16 --float_support=FPv4SPD16 -me --advice:power=all -g --gcc --define=__MSP432P401R__ --define=TARGET_IS_MSP432P4XX --define=ccs --diag_warning=225 --diag_wrap=off --display_error_number --abi=eabi -z -m"Padlock.map" --stack_size=0 --heap_size=0 -i"D:/local/ti/ccsv6/ccs_base/arm/include" -i"D:/local/ti/ccsv6/tools/compiler/ti-cgt-arm_15.12.1.LTS/lib" -i"D:/local/ti/ccsv6/tools/compiler/ti-cgt-arm_15.12.1.LTS/include" --reread_libs --warn_sections --diag_wrap=off --display_error_number --xml_link_info="Padlock_linkInfo.xml" -o "Padlock.out" "./main.obj" "./startup_msp432p401r_ccs.obj" "./system_msp432p401r.obj" "../msp432p401r.cmd"  -llibc.a 
<Linking>
remark #10371-D: (ULP 1.1) Detected no uses of low power mode state changing instructions
error #10433-D: ALIAS'ed memory range, SRAM_DATA, may only be used for run placement and not for load placement for ".data".

>> Compilation failure
makefile:142: recipe for target 'Padlock.out' failed
"../msp432p401r.cmd", line 93: warning #10096-D: specified address lies outside memory map
error #10010: errors encountered during linking; "Padlock.out" not built
gmake: *** [Padlock.out] Error 1
gmake: Target 'all' not remade because of errors.

**** Build Finished ****
